4897  execve("./fork", ["./fork"], 0x7ffe182532c8 /* 53 vars */) = 0
4897  brk(NULL)                         = 0x55e74844e000
4897  access("/etc/ld.so.nohwcap", F_OK) = -1 ENOENT (No such file or directory)
4897  access("/etc/ld.so.preload", R_OK) = -1 ENOENT (No such file or directory)
4897  openat(AT_FDCWD, "/etc/ld.so.cache", O_RDONLY|O_CLOEXEC) = 3
4897  fstat(3, {st_mode=S_IFREG|0644, st_size=96799, ...}) = 0
4897  mmap(NULL, 96799, PROT_READ, MAP_PRIVATE, 3, 0) = 0x7f29f8241000
4897  close(3)                          = 0
4897  access("/etc/ld.so.nohwcap", F_OK) = -1 ENOENT (No such file or directory)
4897  openat(AT_FDCWD, "/lib/x86_64-linux-gnu/libc.so.6", O_RDONLY|O_CLOEXEC) = 3
4897  read(3, "\177ELF\2\1\1\3\0\0\0\0\0\0\0\0\3\0>\0\1\0\0\0\260\34\2\0\0\0\0\0"..., 832) = 832
4897  fstat(3, {st_mode=S_IFREG|0755, st_size=2030544, ...}) = 0
4897  mmap(NULL, 8192, PROT_READ|PROT_WRITE, MAP_PRIVATE|MAP_ANONYMOUS, -1, 0) = 0x7f29f823f000
4897  mmap(NULL, 4131552, PROT_READ|PROT_EXEC, MAP_PRIVATE|MAP_DENYWRITE, 3, 0) = 0x7f29f7c41000
4897  mprotect(0x7f29f7e28000, 2097152, PROT_NONE) = 0
4897  mmap(0x7f29f8028000, 24576, PROT_READ|PROT_WRITE, MAP_PRIVATE|MAP_FIXED|MAP_DENYWRITE, 3, 0x1e7000) = 0x7f29f8028000
4897  mmap(0x7f29f802e000, 15072, PROT_READ|PROT_WRITE, MAP_PRIVATE|MAP_FIXED|MAP_ANONYMOUS, -1, 0) = 0x7f29f802e000
4897  close(3)                          = 0
4897  arch_prctl(ARCH_SET_FS, 0x7f29f82404c0) = 0
4897  mprotect(0x7f29f8028000, 16384, PROT_READ) = 0
4897  mprotect(0x55e74710f000, 4096, PROT_READ) = 0
4897  mprotect(0x7f29f8259000, 4096, PROT_READ) = 0
4897  munmap(0x7f29f8241000, 96799)     = 0
4897  getpid()                          = 4897
4897  fstat(1, {st_mode=S_IFCHR|0620, st_rdev=makedev(136, 0), ...}) = 0
4897  brk(NULL)                         = 0x55e74844e000
4897  brk(0x55e74846f000)               = 0x55e74846f000
4897  write(1, " My pid = 4897 \n", 16) = 16
4897  clone(child_stack=NULL, flags=CLONE_CHILD_CLEARTID|CLONE_CHILD_SETTID|SIGCHLD, child_tidptr=0x7f29f8240790) = 4898
4898  getpid( <unfinished ...>
4897  getpid( <unfinished ...>
4898  <... getpid resumed> )            = 4898
4897  <... getpid resumed> )            = 4897
4898  write(1, " child: My pid = 4898 \n", 23 <unfinished ...>
4897  write(1, " My pid = 4897 \n", 16 <unfinished ...>
4898  <... write resumed> )             = 23
4897  <... write resumed> )             = 16
4898  exit_group(0 <unfinished ...>
4897  write(1, " Newly created child pid = 4898 "..., 33 <unfinished ...>
4898  <... exit_group resumed>)         = ?
4897  <... write resumed> )             = 33
4898  +++ exited with 0 +++
4897  --- SIGCHLD {si_signo=SIGCHLD, si_code=CLD_EXITED, si_pid=4898, si_uid=1000, si_status=0, si_utime=0, si_stime=0} ---
4897  exit_group(0)                     = ?
4897  +++ exited with 0 +++
