1562493558.414027 execve("./1", ["./1"], 0x7ffcb7c59a60 /* 23 vars */) = 0 <0.000359>
1562493558.414552 brk(NULL)             = 0x55cfc1b0a000 <0.000140>
1562493558.414820 access("/etc/ld.so.nohwcap", F_OK) = -1 ENOENT (No such file or directory) <0.000067>
1562493558.415012 access("/etc/ld.so.preload", R_OK) = -1 ENOENT (No such file or directory) <0.000102>
1562493558.415231 openat(AT_FDCWD, "/etc/ld.so.cache", O_RDONLY|O_CLOEXEC) = 3 <0.000105>
1562493558.415450 fstat(3, {st_mode=S_IFREG|0644, st_size=96799, ...}) = 0 <0.000059>
1562493558.415589 mmap(NULL, 96799, PROT_READ, MAP_PRIVATE, 3, 0) = 0x7f2016a4a000 <0.000060>
1562493558.415696 close(3)              = 0 <0.000033>
1562493558.415776 access("/etc/ld.so.nohwcap", F_OK) = -1 ENOENT (No such file or directory) <0.000035>
1562493558.415862 openat(AT_FDCWD, "/lib/x86_64-linux-gnu/libc.so.6", O_RDONLY|O_CLOEXEC) = 3 <0.000037>
1562493558.415946 read(3, "\177ELF\2\1\1\3\0\0\0\0\0\0\0\0\3\0>\0\1\0\0\0\260\34\2\0\0\0\0\0@\0\0\0\0\0\0\0\220\351\36\0\0\0\0\0\0\0\0\0@\0008\0\n\0@\0I\0H\0\6\0\0\0\4\0\0\0@\0\0\0\0\0\0\0@\0\0\0\0\0\0\0@\0\0\0\0\0\0\0000\2\0\0"..., 832) = 832 <0.000034>
1562493558.416028 fstat(3, {st_mode=S_IFREG|0755, st_size=2030544, ...}) = 0 <0.000033>
1562493558.416109 mmap(NULL, 8192, PROT_READ|PROT_WRITE, MAP_PRIVATE|MAP_ANONYMOUS, -1, 0) = 0x7f2016a48000 <0.000034>
1562493558.416285 mmap(NULL, 4131552, PROT_READ|PROT_EXEC, MAP_PRIVATE|MAP_DENYWRITE, 3, 0) = 0x7f201644a000 <0.000037>
1562493558.416368 mprotect(0x7f2016631000, 2097152, PROT_NONE) = 0 <0.000036>
1562493558.416449 mmap(0x7f2016831000, 24576, PROT_READ|PROT_WRITE, MAP_PRIVATE|MAP_FIXED|MAP_DENYWRITE, 3, 0x1e7000) = 0x7f2016831000 <0.000038>
1562493558.416536 mmap(0x7f2016837000, 15072, PROT_READ|PROT_WRITE, MAP_PRIVATE|MAP_FIXED|MAP_ANONYMOUS, -1, 0) = 0x7f2016837000 <0.000036>
1562493558.416621 close(3)              = 0 <0.000033>
1562493558.416707 arch_prctl(ARCH_SET_FS, 0x7f2016a494c0) = 0 <0.000032>
1562493558.416814 mprotect(0x7f2016831000, 16384, PROT_READ) = 0 <0.000038>
1562493558.416898 mprotect(0x55cfc0225000, 4096, PROT_READ) = 0 <0.000035>
1562493558.416978 mprotect(0x7f2016a62000, 4096, PROT_READ) = 0 <0.000035>
1562493558.417058 munmap(0x7f2016a4a000, 96799) = 0 <0.000043>
1562493558.417196 brk(NULL)             = 0x55cfc1b0a000 <0.000034>
1562493558.417273 brk(0x55cfc1b2b000)   = 0x55cfc1b2b000 <0.000034>
1562493558.417356 openat(AT_FDCWD, "test.bin", O_WRONLY|O_CREAT|O_TRUNC, 0666) = 3 <0.000057>
1562493558.417462 fstat(3, {st_mode=S_IFREG|0644, st_size=0, ...}) = 0 <0.000033>
1562493558.417547 write(3, "\1\0\0\0\2\0\0\0\3\0\0\0\0\0 A\2\0\0\0\3\0\0\0\4\0\0\0\0\0\240A\3\0\0\0\4\0\0\0\5\0\0\0\0\0\360A\4\0\0\0\5\0\0\0\6\0\0\0\0\0 B\5\0\0\0\6\0\0\0\7\0\0\0\0\0HB\6\0\0\0\7\0\0\0\10\0\0\0\0\0pB\7\0\0\0"..., 1600) = 1600 <0.000040>
1562493558.417635 close(3)              = 0 <0.000193>
1562493558.417889 exit_group(0)         = ?
1562493558.417994 +++ exited with 0 +++
